# JRE version: OpenJDK Runtime Environment Temurin-17.0.9+9 (17.0.9+9) (build 17.0.9+9)
# Java VM: OpenJDK 64-Bit Server VM Temurin-17.0.9+9 (17.0.9+9, mixed mode, emulated-client, tiered, compressed oops, compressed class ptrs, g1 gc, windows-amd64)
GC Precious Log:
 CPUs: 4 total, 4 available
 Memory: 8150M
 Large Page Support: Disabled
 NUMA Support: Disabled
 Compressed Oops: Enabled (32-bit)
 Heap Region Size: 1M
 Heap Min Capacity: 8M
 Heap Initial Capacity: 128M
 Heap Max Capacity: 1G
 Pre-touch: Disabled
 Parallel Workers: 4
 Concurrent Workers: 1
 Concurrent Refinement Workers: 4
 Periodic GC: Disabled
Heap:
 garbage-first heap   total 89088K, used 36176K [0x00000000c0000000, 0x0000000100000000)
  region size 1024K, 1 young (1024K), 0 survivors (0K)
 Metaspace       used 59919K, committed 60352K, reserved 1114112K
  class space    used 7470K, committed 7680K, reserved 1048576K
GC Heap History (20 events):
Event: 39725.066 GC heap before
{Heap before GC invocations=3747 (full 3704):
 garbage-first heap   total 89088K, used 36176K [0x00000000c0000000, 0x0000000100000000)
  region size 1024K, 1 young (1024K), 0 survivors (0K)
 Metaspace       used 59919K, committed 60352K, reserved 1114112K
  class space    used 7470K, committed 7680K, reserved 1048576K
}
Event: 39725.099 GC heap after
{Heap after GC invocations=3748 (full 3705):
 garbage-first heap   total 89088K, used 36176K [0x00000000c0000000, 0x0000000100000000)
  region size 1024K, 0 young (0K), 0 survivors (0K)
 Metaspace       used 59919K, committed 60352K, reserved 1114112K
  class space    used 7470K, committed 7680K, reserved 1048576K
}
Event: 39735.224 GC heap before
{Heap before GC invocations=3748 (full 3705):
 garbage-first heap   total 89088K, used 36176K [0x00000000c0000000, 0x0000000100000000)
  region size 1024K, 1 young (1024K), 0 survivors (0K)
 Metaspace       used 59919K, committed 60352K, reserved 1114112K
  class space    used 7470K, committed 7680K, reserved 1048576K
}
Event: 39735.257 GC heap after
{Heap after GC invocations=3749 (full 3706):
 garbage-first heap   total 89088K, used 36176K [0x00000000c0000000, 0x0000000100000000)
  region size 1024K, 0 young (0K), 0 survivors (0K)
 Metaspace       used 59919K, committed 60352K, reserved 1114112K
  class space    used 7470K, committed 7680K, reserved 1048576K
}
Event: 39745.446 GC heap before
{Heap before GC invocations=3749 (full 3706):
 garbage-first heap   total 89088K, used 36176K [0x00000000c0000000, 0x0000000100000000)
  region size 1024K, 1 young (1024K), 0 survivors (0K)
 Metaspace       used 59919K, committed 60352K, reserved 1114112K
  class space    used 7470K, committed 7680K, reserved 1048576K
}
Event: 39745.480 GC heap after
{Heap after GC invocations=3750 (full 3707):
 garbage-first heap   total 89088K, used 36176K [0x00000000c0000000, 0x0000000100000000)
  region size 1024K, 0 young (0K), 0 survivors (0K)
 Metaspace       used 59919K, committed 60352K, reserved 1114112K
  class space    used 7470K, committed 7680K, reserved 1048576K
}
Event: 39755.637 GC heap before
{Heap before GC invocations=3750 (full 3707):
 garbage-first heap   total 89088K, used 36176K [0x00000000c0000000, 0x0000000100000000)
  region size 1024K, 1 young (1024K), 0 survivors (0K)
 Metaspace       used 59919K, committed 60352K, reserved 1114112K
  class space    used 7470K, committed 7680K, reserved 1048576K
}
Event: 39755.673 GC heap after
{Heap after GC invocations=3751 (full 3708):
 garbage-first heap   total 89088K, used 36176K [0x00000000c0000000, 0x0000000100000000)
  region size 1024K, 0 young (0K), 0 survivors (0K)
 Metaspace       used 59919K, committed 60352K, reserved 1114112K
  class space    used 7470K, committed 7680K, reserved 1048576K
}
Event: 39765.800 GC heap before
{Heap before GC invocations=3751 (full 3708):
 garbage-first heap   total 89088K, used 36176K [0x00000000c0000000, 0x0000000100000000)
  region size 1024K, 1 young (1024K), 0 survivors (0K)
 Metaspace       used 59919K, committed 60352K, reserved 1114112K
  class space    used 7470K, committed 7680K, reserved 1048576K
}
Event: 39765.835 GC heap after
{Heap after GC invocations=3752 (full 3709):
 garbage-first heap   total 89088K, used 36176K [0x00000000c0000000, 0x0000000100000000)
  region size 1024K, 0 young (0K), 0 survivors (0K)
 Metaspace       used 59919K, committed 60352K, reserved 1114112K
  class space    used 7470K, committed 7680K, reserved 1048576K
}
Event: 39775.955 GC heap before
{Heap before GC invocations=3752 (full 3709):
 garbage-first heap   total 89088K, used 36176K [0x00000000c0000000, 0x0000000100000000)
  region size 1024K, 1 young (1024K), 0 survivors (0K)
 Metaspace       used 59919K, committed 60352K, reserved 1114112K
  class space    used 7470K, committed 7680K, reserved 1048576K
}
Event: 39775.990 GC heap after
{Heap after GC invocations=3753 (full 3710):
 garbage-first heap   total 89088K, used 36176K [0x00000000c0000000, 0x0000000100000000)
  region size 1024K, 0 young (0K), 0 survivors (0K)
 Metaspace       used 59919K, committed 60352K, reserved 1114112K
  class space    used 7470K, committed 7680K, reserved 1048576K
}
Event: 39786.131 GC heap before
{Heap before GC invocations=3753 (full 3710):
 garbage-first heap   total 89088K, used 36176K [0x00000000c0000000, 0x0000000100000000)
  region size 1024K, 1 young (1024K), 0 survivors (0K)
 Metaspace       used 59919K, committed 60352K, reserved 1114112K
  class space    used 7470K, committed 7680K, reserved 1048576K
}
Event: 39786.165 GC heap after
{Heap after GC invocations=3754 (full 3711):
 garbage-first heap   total 89088K, used 36176K [0x00000000c0000000, 0x0000000100000000)
  region size 1024K, 0 young (0K), 0 survivors (0K)
 Metaspace       used 59919K, committed 60352K, reserved 1114112K
  class space    used 7470K, committed 7680K, reserved 1048576K
}
Event: 39796.275 GC heap before
{Heap before GC invocations=3754 (full 3711):
 garbage-first heap   total 89088K, used 36176K [0x00000000c0000000, 0x0000000100000000)
  region size 1024K, 1 young (1024K), 0 survivors (0K)
 Metaspace       used 59919K, committed 60352K, reserved 1114112K
  class space    used 7470K, committed 7680K, reserved 1048576K
}
Event: 39796.307 GC heap after
{Heap after GC invocations=3755 (full 3712):
 garbage-first heap   total 89088K, used 36176K [0x00000000c0000000, 0x0000000100000000)
  region size 1024K, 0 young (0K), 0 survivors (0K)
 Metaspace       used 59919K, committed 60352K, reserved 1114112K
  class space    used 7470K, committed 7680K, reserved 1048576K
}
Event: 39806.436 GC heap before
{Heap before GC invocations=3755 (full 3712):
 garbage-first heap   total 89088K, used 36176K [0x00000000c0000000, 0x0000000100000000)
  region size 1024K, 1 young (1024K), 0 survivors (0K)
 Metaspace       used 59919K, committed 60352K, reserved 1114112K
  class space    used 7470K, committed 7680K, reserved 1048576K
}
Event: 39806.472 GC heap after
{Heap after GC invocations=3756 (full 3713):
 garbage-first heap   total 89088K, used 36176K [0x00000000c0000000, 0x0000000100000000)
  region size 1024K, 0 young (0K), 0 survivors (0K)
 Metaspace       used 59919K, committed 60352K, reserved 1114112K
  class space    used 7470K, committed 7680K, reserved 1048576K
}
Event: 39816.600 GC heap before
{Heap before GC invocations=3756 (full 3713):
 garbage-first heap   total 89088K, used 36176K [0x00000000c0000000, 0x0000000100000000)
  region size 1024K, 1 young (1024K), 0 survivors (0K)
 Metaspace       used 59919K, committed 60352K, reserved 1114112K
  class space    used 7470K, committed 7680K, reserved 1048576K
}
Event: 39816.634 GC heap after
{Heap after GC invocations=3757 (full 3714):
 garbage-first heap   total 89088K, used 36176K [0x00000000c0000000, 0x0000000100000000)
  region size 1024K, 0 young (0K), 0 survivors (0K)
 Metaspace       used 59919K, committed 60352K, reserved 1114112K
  class space    used 7470K, committed 7680K, reserved 1048576K
}

